
> rest-express@1.0.0 build
> tsx script/build.ts

building client...
[36mvite v7.3.3 [32mbuilding client environment for production...[36m[39m
transforming...
Browserslist: browsers data (caniuse-lite) is 6 months old. Please run:
  npx update-browserslist-db@latest
  Why you should do it regularly: https://github.com/browserslist/update-db#readme
[32m✓[39m 2845 modules transformed.
rendering chunks...
[33m[plugin vite:reporter] 
(!) C:/Users/User/Documents/GitHub/breedlog/client/src/lib/queryClient.ts is dynamically imported by C:/Users/User/Documents/GitHub/breedlog/client/src/hooks/use-analysis.ts, C:/Users/User/Documents/GitHub/breedlog/client/src/hooks/use-analysis.ts, C:/Users/User/Documents/GitHub/breedlog/client/src/hooks/use-animals.ts, C:/Users/User/Documents/GitHub/breedlog/client/src/hooks/use-animals.ts, C:/Users/User/Documents/GitHub/breedlog/client/src/hooks/use-animals.ts, C:/Users/User/Documents/GitHub/breedlog/client/src/hooks/use-animals.ts, C:/Users/User/Documents/GitHub/breedlog/client/src/hooks/use-animals.ts, C:/Users/User/Documents/GitHub/breedlog/client/src/hooks/use-animals.ts, C:/Users/User/Documents/GitHub/breedlog/client/src/hooks/use-animals.ts, C:/Users/User/Documents/GitHub/breedlog/client/src/hooks/use-animals.ts, C:/Users/User/Documents/GitHub/breedlog/client/src/hooks/use-animals.ts, C:/Users/User/Documents/GitHub/breedlog/client/src/hooks/use-animals.ts, C:/Users/User/Documents/GitHub/breedlog/client/src/hooks/use-animals.ts, C:/Users/User/Documents/GitHub/breedlog/client/src/hooks/use-animals.ts, C:/Users/User/Documents/GitHub/breedlog/client/src/hooks/use-animals.ts, C:/Users/User/Documents/GitHub/breedlog/client/src/hooks/use-animals.ts, C:/Users/User/Documents/GitHub/breedlog/client/src/hooks/use-animals.ts, C:/Users/User/Documents/GitHub/breedlog/client/src/hooks/use-animals.ts, C:/Users/User/Documents/GitHub/breedlog/client/src/hooks/use-breeding.ts, C:/Users/User/Documents/GitHub/breedlog/client/src/hooks/use-breeding.ts, C:/Users/User/Documents/GitHub/breedlog/client/src/hooks/use-breeding.ts, C:/Users/User/Documents/GitHub/breedlog/client/src/hooks/use-breeding.ts, C:/Users/User/Documents/GitHub/breedlog/client/src/hooks/use-breeding.ts, C:/Users/User/Documents/GitHub/breedlog/client/src/hooks/use-farm-settings.ts, C:/Users/User/Documents/GitHub/breedlog/client/src/hooks/use-flock-health.ts, C:/Users/User/Documents/GitHub/breedlog/client/src/hooks/use-flock-health.ts, C:/Users/User/Documents/GitHub/breedlog/client/src/hooks/use-mating-groups.ts, C:/Users/User/Documents/GitHub/breedlog/client/src/hooks/use-records.ts, C:/Users/User/Documents/GitHub/breedlog/client/src/hooks/use-records.ts, C:/Users/User/Documents/GitHub/breedlog/client/src/hooks/use-records.ts, C:/Users/User/Documents/GitHub/breedlog/client/src/hooks/use-records.ts, C:/Users/User/Documents/GitHub/breedlog/client/src/pages/Animals.tsx, C:/Users/User/Documents/GitHub/breedlog/client/src/pages/Animals.tsx but also statically imported by C:/Users/User/Documents/GitHub/breedlog/client/src/App.tsx, C:/Users/User/Documents/GitHub/breedlog/client/src/components/BetaAccessGate.tsx, C:/Users/User/Documents/GitHub/breedlog/client/src/components/BreedLogAssistantPanel.tsx, C:/Users/User/Documents/GitHub/breedlog/client/src/components/Layout.tsx, C:/Users/User/Documents/GitHub/breedlog/client/src/hooks/use-auth.ts, C:/Users/User/Documents/GitHub/breedlog/client/src/hooks/use-exported-documents.ts, C:/Users/User/Documents/GitHub/breedlog/client/src/hooks/use-farm-settings.ts, C:/Users/User/Documents/GitHub/breedlog/client/src/hooks/use-flock-health.ts, C:/Users/User/Documents/GitHub/breedlog/client/src/hooks/use-mating-groups.ts, C:/Users/User/Documents/GitHub/breedlog/client/src/lib/sync-manager.ts, C:/Users/User/Documents/GitHub/breedlog/client/src/pages/Admin.tsx, C:/Users/User/Documents/GitHub/breedlog/client/src/pages/AnimalDetail.tsx, C:/Users/User/Documents/GitHub/breedlog/client/src/pages/Genetics.tsx, C:/Users/User/Documents/GitHub/breedlog/client/src/pages/ReportIssue.tsx, C:/Users/User/Documents/GitHub/breedlog/client/src/pages/Settings.tsx, dynamic import will not move module into another chunk.
[39m
[33m[plugin vite:reporter] 
(!) C:/Users/User/Documents/GitHub/breedlog/client/src/lib/indexeddb.ts is dynamically imported by C:/Users/User/Documents/GitHub/breedlog/client/src/hooks/use-animals.ts, C:/Users/User/Documents/GitHub/breedlog/client/src/hooks/use-animals.ts, C:/Users/User/Documents/GitHub/breedlog/client/src/hooks/use-animals.ts but also statically imported by C:/Users/User/Documents/GitHub/breedlog/client/src/components/AnimalCard.tsx, C:/Users/User/Documents/GitHub/breedlog/client/src/components/NetworkStatusIndicator.tsx, C:/Users/User/Documents/GitHub/breedlog/client/src/hooks/use-analysis.ts, C:/Users/User/Documents/GitHub/breedlog/client/src/hooks/use-animals.ts, C:/Users/User/Documents/GitHub/breedlog/client/src/hooks/use-auth.ts, C:/Users/User/Documents/GitHub/breedlog/client/src/hooks/use-breeding.ts, C:/Users/User/Documents/GitHub/breedlog/client/src/hooks/use-farm-settings.ts, C:/Users/User/Documents/GitHub/breedlog/client/src/hooks/use-flock-health.ts, C:/Users/User/Documents/GitHub/breedlog/client/src/hooks/use-mating-groups.ts, C:/Users/User/Documents/GitHub/breedlog/client/src/hooks/use-records.ts, C:/Users/User/Documents/GitHub/breedlog/client/src/lib/sync-manager.ts, C:/Users/User/Documents/GitHub/breedlog/client/src/main.tsx, C:/Users/User/Documents/GitHub/breedlog/client/src/pages/Settings.tsx, dynamic import will not move module into another chunk.
[39m
computing gzip size...
[2m../dist/public/[22m[32mindex.html                                  [39m[1m[2m  4.13 kB[22m[1m[22m[2m │ gzip:   1.26 kB[22m
[2m../dist/public/[22m[32massets/breedlog-logo-mark-DetGHixo.png      [39m[1m[2m149.08 kB[22m[1m[22m
[2m../dist/public/[22m[32massets/breedlog-logo-official-CqtNLydV.png  [39m[1m[2m261.78 kB[22m[1m[22m
[2m../dist/public/[22m[35massets/index-y1dHOk0o.css                   [39m[1m[2m115.68 kB[22m[1m[22m[2m │ gzip:  19.46 kB[22m
[2m../dist/public/[22m[36massets/version-DdxXkfzH.js                  [39m[1m[2m  0.08 kB[22m[1m[22m[2m │ gzip:   0.10 kB[22m
[2m../dist/public/[22m[36massets/collapsible-132N3tuX.js              [39m[1m[2m  0.11 kB[22m[1m[22m[2m │ gzip:   0.11 kB[22m
[2m../dist/public/[22m[36massets/progress-ZFzyId-L.js                 [39m[1m[2m  0.48 kB[22m[1m[22m[2m │ gzip:   0.33 kB[22m
[2m../dist/public/[22m[36massets/use-exported-documents-CzgD1Rqd.js   [39m[1m[2m  0.88 kB[22m[1m[22m[2m │ gzip:   0.41 kB[22m
[2m../dist/public/[22m[36massets/tabs-Dzk1AAb9.js                     [39m[1m[2m  1.15 kB[22m[1m[22m[2m │ gzip:   0.48 kB[22m
[2m../dist/public/[22m[36massets/import-export-CedUTKml.js            [39m[1m[2m  1.65 kB[22m[1m[22m[2m │ gzip:   0.75 kB[22m
[2m../dist/public/[22m[36massets/form-BfVCKGyz.js                     [39m[1m[2m  1.72 kB[22m[1m[22m[2m │ gzip:   0.75 kB[22m
[2m../dist/public/[22m[36massets/image-compression-CrIAxEHU.js        [39m[1m[2m  1.76 kB[22m[1m[22m[2m │ gzip:   0.91 kB[22m
[2m../dist/public/[22m[36massets/alert-dialog-Np1zWQaI.js             [39m[1m[2m  2.07 kB[22m[1m[22m[2m │ gzip:   0.76 kB[22m
[2m../dist/public/[22m[36massets/use-mating-groups-aCpzewqS.js        [39m[1m[2m  2.55 kB[22m[1m[22m[2m │ gzip:   0.99 kB[22m
[2m../dist/public/[22m[36massets/PDFExportDialog-BYnONuBh.js          [39m[1m[2m  3.20 kB[22m[1m[22m[2m │ gzip:   1.27 kB[22m
[2m../dist/public/[22m[36massets/dropdown-menu-CIrRLRnu.js            [39m[1m[2m  3.85 kB[22m[1m[22m[2m │ gzip:   1.06 kB[22m
[2m../dist/public/[22m[36massets/stamboek-export-fields-CH97JIHe.js   [39m[1m[2m  3.87 kB[22m[1m[22m[2m │ gzip:   1.34 kB[22m
[2m../dist/public/[22m[36massets/lamb-stage-CaPRYuhh.js               [39m[1m[2m  4.28 kB[22m[1m[22m[2m │ gzip:   1.53 kB[22m
[2m../dist/public/[22m[36massets/ReportIssue-TozZLmQu.js              [39m[1m[2m  7.91 kB[22m[1m[22m[2m │ gzip:   2.72 kB[22m
[2m../dist/public/[22m[36massets/LegalDocumentPage-DcL3GurW.js        [39m[1m[2m  8.00 kB[22m[1m[22m[2m │ gzip:   3.03 kB[22m
[2m../dist/public/[22m[36massets/ImageCropDialog-uYEPk0Ou.js          [39m[1m[2m  9.78 kB[22m[1m[22m[2m │ gzip:   3.32 kB[22m
[2m../dist/public/[22m[36massets/HealthEventDetail-Dz_y1x8C.js        [39m[1m[2m 10.01 kB[22m[1m[22m[2m │ gzip:   3.27 kB[22m
[2m../dist/public/[22m[36massets/BreedingEventDetail-BYjTMNon.js      [39m[1m[2m 11.62 kB[22m[1m[22m[2m │ gzip:   3.36 kB[22m
[2m../dist/public/[22m[36massets/Health-CY0RKd-Z.js                   [39m[1m[2m 17.21 kB[22m[1m[22m[2m │ gzip:   4.82 kB[22m
[2m../dist/public/[22m[36massets/Lambs-CnaQKvGv.js                    [39m[1m[2m 21.01 kB[22m[1m[22m[2m │ gzip:   6.43 kB[22m
[2m../dist/public/[22m[36massets/MatingGroupDetail-EktgasUc.js        [39m[1m[2m 21.04 kB[22m[1m[22m[2m │ gzip:   6.33 kB[22m
[2m../dist/public/[22m[36massets/health-plan-guide-ez62M439.js        [39m[1m[2m 22.94 kB[22m[1m[22m[2m │ gzip:   6.51 kB[22m
[2m../dist/public/[22m[36massets/vendor-icons-gl70OnBR.js             [39m[1m[2m 24.76 kB[22m[1m[22m[2m │ gzip:   7.94 kB[22m
[2m../dist/public/[22m[36massets/Genetics-DSn6WEza.js                 [39m[1m[2m 25.01 kB[22m[1m[22m[2m │ gzip:   6.31 kB[22m
[2m../dist/public/[22m[36massets/vendor-datefns-Dq0i6__N.js           [39m[1m[2m 25.15 kB[22m[1m[22m[2m │ gzip:   7.43 kB[22m
[2m../dist/public/[22m[36massets/Breeding-Cn3W9feb.js                 [39m[1m[2m 28.94 kB[22m[1m[22m[2m │ gzip:   7.73 kB[22m
[2m../dist/public/[22m[36massets/vendor-query-DwfDgsfM.js             [39m[1m[2m 33.26 kB[22m[1m[22m[2m │ gzip:   9.87 kB[22m
[2m../dist/public/[22m[36massets/Records-OjKJbECw.js                  [39m[1m[2m 37.86 kB[22m[1m[22m[2m │ gzip:   8.07 kB[22m
[2m../dist/public/[22m[36massets/Admin-CsyrGosp.js                    [39m[1m[2m 43.88 kB[22m[1m[22m[2m │ gzip:  10.39 kB[22m
[2m../dist/public/[22m[36massets/Settings-0d6Rc3rL.js                 [39m[1m[2m 57.12 kB[22m[1m[22m[2m │ gzip:  14.58 kB[22m
[2m../dist/public/[22m[36massets/Help-CPW7BryD.js                     [39m[1m[2m 57.84 kB[22m[1m[22m[2m │ gzip:  18.11 kB[22m
[2m../dist/public/[22m[36massets/Analysis-CMzP1vIW.js                 [39m[1m[2m 59.31 kB[22m[1m[22m[2m │ gzip:  16.35 kB[22m
[2m../dist/public/[22m[36massets/AnimalDetail-QEXnO7FO.js             [39m[1m[2m 91.24 kB[22m[1m[22m[2m │ gzip:  23.04 kB[22m
[2m../dist/public/[22m[36massets/Animals-DbX9KrEv.js                  [39m[1m[2m131.11 kB[22m[1m[22m[2m │ gzip:  23.81 kB[22m
[2m../dist/public/[22m[36massets/vendor-radix-CMPuhxEO.js             [39m[1m[2m143.93 kB[22m[1m[22m[2m │ gzip:  45.40 kB[22m
[2m../dist/public/[22m[36massets/vendor-react-B6BYtiCC.js             [39m[1m[2m234.78 kB[22m[1m[22m[2m │ gzip:  72.33 kB[22m
[2m../dist/public/[22m[36massets/index-F-Tn9Qw0.js                    [39m[1m[2m237.40 kB[22m[1m[22m[2m │ gzip:  63.14 kB[22m
[2m../dist/public/[22m[36massets/vendor-charts-PtOlfStj.js            [39m[1m[2m430.70 kB[22m[1m[22m[2m │ gzip: 114.59 kB[22m
[32m✓ built in 15.07s[39m
building server...

  dist\index.cjs  1.6mb

Done in 353ms
